2018-02-09 16:09:19.570  INFO 16852 --- [main] lzlz.boardgame.ApplicationBoot           : Starting ApplicationBoot on DESKTOP-44PJRNT with PID 16852 (C:\Users\lzlz\IdeaProjects\lzlzboardgame\target\classes started by Admin in C:\Users\lzlz\IdeaProjects\lzlzboardgame)
2018-02-09 16:09:19.573  INFO 16852 --- [main] lzlz.boardgame.ApplicationBoot           : No active profile set, falling back to default profiles: default
2018-02-09 16:09:19.772  INFO 16852 --- [main] ationConfigEmbeddedWebApplicationContext : Refreshing org.springframework.boot.context.embedded.AnnotationConfigEmbeddedWebApplicationContext@f232a5: startup date [Fri Feb 09 16:09:19 CST 2018]; root of context hierarchy
2018-02-09 16:09:20.271  INFO 16852 --- [main] .s.d.r.c.RepositoryConfigurationDelegate : Multiple Spring Data modules found, entering strict repository configuration mode!
2018-02-09 16:09:20.970  INFO 16852 --- [main] s.b.c.e.t.TomcatEmbeddedServletContainer : Tomcat initialized with port(s): 4396 (http)
2018-02-09 16:09:20.977  INFO 16852 --- [main] o.apache.catalina.core.StandardService   : Starting service [Tomcat]
2018-02-09 16:09:20.978  INFO 16852 --- [main] org.apache.catalina.core.StandardEngine  : Starting Servlet Engine: Apache Tomcat/8.5.23
2018-02-09 16:09:21.077  INFO 16852 --- [localhost-startStop-1] o.a.c.c.C.[Tomcat].[localhost].[/]       : Initializing Spring embedded WebApplicationContext
2018-02-09 16:09:21.077  INFO 16852 --- [localhost-startStop-1] o.s.web.context.ContextLoader            : Root WebApplicationContext: initialization completed in 1307 ms
2018-02-09 16:09:21.236  INFO 16852 --- [localhost-startStop-1] o.s.b.w.servlet.ServletRegistrationBean  : Mapping servlet: 'dispatcherServlet' to [/]
2018-02-09 16:09:21.250  INFO 16852 --- [localhost-startStop-1] o.s.b.w.servlet.FilterRegistrationBean   : Mapping filter: 'characterEncodingFilter' to: [/*]
2018-02-09 16:09:21.250  INFO 16852 --- [localhost-startStop-1] o.s.b.w.servlet.FilterRegistrationBean   : Mapping filter: 'hiddenHttpMethodFilter' to: [/*]
2018-02-09 16:09:21.251  INFO 16852 --- [localhost-startStop-1] o.s.b.w.servlet.FilterRegistrationBean   : Mapping filter: 'httpPutFormContentFilter' to: [/*]
2018-02-09 16:09:21.251  INFO 16852 --- [localhost-startStop-1] o.s.b.w.servlet.FilterRegistrationBean   : Mapping filter: 'requestContextFilter' to: [/*]
2018-02-09 16:09:21.387  INFO 16852 --- [main] com.alibaba.druid.pool.DruidDataSource   : {dataSource-1} inited
2018-02-09 16:09:22.063  INFO 16852 --- [main] s.w.s.m.m.a.RequestMappingHandlerAdapter : Looking for @ControllerAdvice: org.springframework.boot.context.embedded.AnnotationConfigEmbeddedWebApplicationContext@f232a5: startup date [Fri Feb 09 16:09:19 CST 2018]; root of context hierarchy
2018-02-09 16:09:22.122  INFO 16852 --- [main] s.w.s.m.m.a.RequestMappingHandlerMapping : Mapped "{[/error/400],methods=[GET]}" onto public java.lang.String lzlz.boardgame.controller.ErrorController.badRequest()
2018-02-09 16:09:22.123  INFO 16852 --- [main] s.w.s.m.m.a.RequestMappingHandlerMapping : Mapped "{[/error/500],methods=[GET]}" onto public java.lang.String lzlz.boardgame.controller.ErrorController.serverError()
2018-02-09 16:09:22.123  INFO 16852 --- [main] s.w.s.m.m.a.RequestMappingHandlerMapping : Mapped "{[/error/404],methods=[GET]}" onto public java.lang.String lzlz.boardgame.controller.ErrorController.notFound()
2018-02-09 16:09:22.127  INFO 16852 --- [main] s.w.s.m.m.a.RequestMappingHandlerMapping : Mapped "{[/game/hall/chattarget],methods=[GET]}" onto public lzlz.boardgame.entity.CommonMessage lzlz.boardgame.controller.GameHallController.chatServerPath(javax.servlet.http.HttpServletRequest)
2018-02-09 16:09:22.128  INFO 16852 --- [main] s.w.s.m.m.a.RequestMappingHandlerMapping : Mapped "{[/game/createroom],methods=[POST]}" onto public lzlz.boardgame.entity.CommonMessage lzlz.boardgame.controller.GameHallController.createRoom(javax.servlet.http.HttpServletRequest,java.lang.String,int,java.lang.String)
2018-02-09 16:09:22.128  INFO 16852 --- [main] s.w.s.m.m.a.RequestMappingHandlerMapping : Mapped "{[/game/setplayername],methods=[POST]}" onto public lzlz.boardgame.entity.CommonMessage lzlz.boardgame.controller.GameHallController.setPlayerName(lzlz.boardgame.entity.CommonMessage,javax.servlet.http.HttpServletRequest)
2018-02-09 16:09:22.129  INFO 16852 --- [main] s.w.s.m.m.a.RequestMappingHandlerMapping : Mapped "{[/game/hall],methods=[GET]}" onto public org.springframework.web.servlet.ModelAndView lzlz.boardgame.controller.GameHallController.hall(javax.servlet.http.HttpServletRequest)
2018-02-09 16:09:22.129  INFO 16852 --- [main] s.w.s.m.m.a.RequestMappingHandlerMapping : Mapped "{[/game/room],methods=[GET]}" onto public org.springframework.web.servlet.ModelAndView lzlz.boardgame.controller.GameHallController.room(javax.servlet.http.HttpServletRequest)
2018-02-09 16:09:22.129  INFO 16852 --- [main] s.w.s.m.m.a.RequestMappingHandlerMapping : Mapped "{[/game/hall/rooms],methods=[GET]}" onto public java.util.List<lzlz.boardgame.core.squaregame.entity.Room> lzlz.boardgame.controller.GameHallController.getRooms()
2018-02-09 16:09:22.129  INFO 16852 --- [main] s.w.s.m.m.a.RequestMappingHandlerMapping : Mapped "{[/game/joinroom],methods=[POST]}" onto public lzlz.boardgame.entity.CommonMessage lzlz.boardgame.controller.GameHallController.joinRoom(javax.servlet.http.HttpServletRequest,java.lang.String)
2018-02-09 16:09:22.130  INFO 16852 --- [main] s.w.s.m.m.a.RequestMappingHandlerMapping : Mapped "{[/]}" onto public org.springframework.web.servlet.ModelAndView lzlz.boardgame.controller.IndexController.index()
2018-02-09 16:09:22.130  INFO 16852 --- [main] s.w.s.m.m.a.RequestMappingHandlerMapping : Mapped "{[/game/1/fullData/{roomId}/{userId}]}" onto public lzlz.boardgame.core.squaregame.entity.SquareGameData lzlz.boardgame.controller.SquareGameController.fullData(java.lang.String,java.lang.String)
2018-02-09 16:09:22.130  INFO 16852 --- [main] s.w.s.m.m.a.RequestMappingHandlerMapping : Mapped "{[/game/1/leave/{roomId}/{userId}]}" onto public lzlz.boardgame.entity.CommonMessage lzlz.boardgame.controller.SquareGameController.leave(java.lang.String,java.lang.String)
2018-02-09 16:09:22.131  INFO 16852 --- [main] s.w.s.m.m.a.RequestMappingHandlerMapping : Mapped "{[/test/mybatis]}" onto public org.springframework.web.servlet.ModelAndView lzlz.boardgame.controller.TestController.testMybatis()
2018-02-09 16:09:22.131  INFO 16852 --- [main] s.w.s.m.m.a.RequestMappingHandlerMapping : Mapped "{[/test/redis]}" onto public org.springframework.web.servlet.ModelAndView lzlz.boardgame.controller.TestController.testRedis()
2018-02-09 16:09:22.131  INFO 16852 --- [main] s.w.s.m.m.a.RequestMappingHandlerMapping : Mapped "{[/test/socket]}" onto public org.springframework.web.servlet.ModelAndView lzlz.boardgame.controller.TestController.testSocket(javax.servlet.http.HttpServletRequest)
2018-02-09 16:09:22.132  INFO 16852 --- [main] s.w.s.m.m.a.RequestMappingHandlerMapping : Mapped "{[/test/db]}" onto public org.springframework.web.servlet.ModelAndView lzlz.boardgame.controller.TestController.testDb()
2018-02-09 16:09:22.134  INFO 16852 --- [main] s.w.s.m.m.a.RequestMappingHandlerMapping : Mapped "{[/error]}" onto public org.springframework.http.ResponseEntity<java.util.Map<java.lang.String, java.lang.Object>> org.springframework.boot.autoconfigure.web.BasicErrorController.error(javax.servlet.http.HttpServletRequest)
2018-02-09 16:09:22.134  INFO 16852 --- [main] s.w.s.m.m.a.RequestMappingHandlerMapping : Mapped "{[/error],produces=[text/html]}" onto public org.springframework.web.servlet.ModelAndView org.springframework.boot.autoconfigure.web.BasicErrorController.errorHtml(javax.servlet.http.HttpServletRequest,javax.servlet.http.HttpServletResponse)
2018-02-09 16:09:22.160  INFO 16852 --- [main] o.s.w.s.handler.SimpleUrlHandlerMapping  : Mapped URL path [/**] onto handler of type [class org.springframework.web.servlet.resource.ResourceHttpRequestHandler]
2018-02-09 16:09:22.160  INFO 16852 --- [main] o.s.w.s.handler.SimpleUrlHandlerMapping  : Mapped URL path [/static] onto handler of type [class org.springframework.web.servlet.resource.ResourceHttpRequestHandler]
2018-02-09 16:09:22.160  INFO 16852 --- [main] o.s.w.s.handler.SimpleUrlHandlerMapping  : Mapped URL path [/favicon.ico] onto handler of type [class org.springframework.web.servlet.resource.ResourceHttpRequestHandler]
2018-02-09 16:09:22.160  INFO 16852 --- [main] o.s.w.s.handler.SimpleUrlHandlerMapping  : Mapped URL path [/webjars/**] onto handler of type [class org.springframework.web.servlet.resource.ResourceHttpRequestHandler]
2018-02-09 16:09:23.157  INFO 16852 --- [main] o.s.w.s.s.s.ServerEndpointExporter       : Registering @ServerEndpoint class: class lzlz.boardgame.socket.endpoint.GameChatEndPoint
2018-02-09 16:09:23.203  INFO 16852 --- [main] o.s.w.s.s.s.ServerEndpointExporter       : Registering @ServerEndpoint class: class lzlz.boardgame.socket.endpoint.HallChatEndPoint
2018-02-09 16:09:23.204  INFO 16852 --- [main] o.s.w.s.s.s.ServerEndpointExporter       : Registering @ServerEndpoint class: class lzlz.boardgame.socket.endpoint.SquareGameEndPoint
2018-02-09 16:09:23.205  INFO 16852 --- [main] o.s.j.e.a.AnnotationMBeanExporter        : Registering beans for JMX exposure on startup
2018-02-09 16:09:23.207  INFO 16852 --- [main] o.s.j.e.a.AnnotationMBeanExporter        : Bean with name 'dataSource' has been autodetected for JMX exposure
2018-02-09 16:09:23.215  INFO 16852 --- [main] o.s.j.e.a.AnnotationMBeanExporter        : Located MBean 'dataSource': registering with JMX server as MBean [com.alibaba.druid.pool:name=dataSource,type=DruidDataSource]
2018-02-09 16:09:23.256  INFO 16852 --- [main] s.b.c.e.t.TomcatEmbeddedServletContainer : Tomcat started on port(s): 4396 (http)
2018-02-09 16:09:23.260  INFO 16852 --- [main] lzlz.boardgame.ApplicationBoot           : Started ApplicationBoot in 3.985 seconds (JVM running for 4.599)
2018-02-09 16:10:43.462  INFO 16852 --- [http-nio-4396-exec-1] o.a.c.c.C.[Tomcat].[localhost].[/]       : Initializing Spring FrameworkServlet 'dispatcherServlet'
2018-02-09 16:10:43.462  INFO 16852 --- [http-nio-4396-exec-1] o.s.web.servlet.DispatcherServlet        : FrameworkServlet 'dispatcherServlet': initialization started
2018-02-09 16:10:43.481  INFO 16852 --- [http-nio-4396-exec-1] o.s.web.servlet.DispatcherServlet        : FrameworkServlet 'dispatcherServlet': initialization completed in 19 ms
